<?xml version="1.0" encoding="UTF-8" ?>
<testsuite tests="3" failures="1" name="cucumber.Options.TestRunner" time="10.253" errors="0" skipped="0">
  <properties>
[...]
</properties>
  <testcase classname="Validating Place API&apos;s" name="Verify if Place is getting added successfully using addPlaceAPI" time="5.758"/>
  <testcase classname="Validating Place API&apos;s" name="Verify if Place is getting added successfully using addPlaceAPI" time="2.336"/>
  <testcase classname="Validating Place API&apos;s" name="Verify is deletePlace scenario is working" time="2.159">
    <failure message="expected:&lt;200&gt; but was:&lt;20&gt;" type="java.lang.AssertionError">java.lang.AssertionError: expected:&lt;200&gt; but was:&lt;20&gt;
	at org.junit.Assert.fail(Assert.java:88)
	at org.junit.Assert.failNotEquals(Assert.java:834)
	at org.junit.Assert.assertEquals(Assert.java:645)
	at org.junit.Assert.assertEquals(Assert.java:631)
	at stepDefinitions.StepDefinitions.the_API_call_is_success_with_status_code(StepDefinitions.java:58)
	at ✽.the API call is success with status code 20(file:src/test/java/features/placeValidations.feature:21)
</failure>
    <system-out>maps/api/place/delete/json
</system-out>
  </testcase>
</testsuite>